app/build/intermediates/manifest_merge_blame_file/debug/manifest-merger-blame-debug-report.txt
1<?xml version="1.0" encoding="utf-8"?>
2<manifest xmlns:android="http://schemas.android.com/apk/res/android"
3    package="com.example.skh_ivan_app"
4    android:versionCode="1"
5    android:versionName="1.0" >
6
7    <uses-sdk
8        android:minSdkVersion="16"
8-->src/main/AndroidManifest.xml
9        android:targetSdkVersion="29" />
9-->src/main/AndroidManifest.xml
10
11    <uses-permission android:name="android.permission.INTERNET" />
11-->src/main/AndroidManifest.xml:4:5-67
11-->src/main/AndroidManifest.xml:4:22-64
12
13    <uses-feature
13-->src/main/AndroidManifest.xml:5:5-6:35
14        android:name="android.hardware.camera"
14-->src/main/AndroidManifest.xml:5:19-57
15        android:required="true" />
15-->src/main/AndroidManifest.xml:6:9-32
16
17    <application
17-->src/main/AndroidManifest.xml:7:5-24:19
18        android:allowBackup="true"
18-->src/main/AndroidManifest.xml:8:9-35
19        android:appComponentFactory="androidx.core.app.CoreComponentFactory"
19-->[androidx.core:core:1.3.0-rc01] AndroidManifest.xml:24:18-86
20        android:debuggable="true"
21        android:icon="@mipmap/ic_launcher"
21-->src/main/AndroidManifest.xml:9:9-43
22        android:label="@string/app_name"
22-->src/main/AndroidManifest.xml:10:9-41
23        android:roundIcon="@mipmap/ic_launcher_round"
23-->src/main/AndroidManifest.xml:11:9-54
24        android:supportsRtl="true"
24-->src/main/AndroidManifest.xml:12:9-35
25        android:testOnly="true"
26        android:theme="@style/AppTheme" >
26-->src/main/AndroidManifest.xml:13:9-40
27        <activity
27-->src/main/AndroidManifest.xml:14:9-23:20
28            android:name="com.example.skh_ivan_app.MainActivity"
28-->src/main/AndroidManifest.xml:15:13-41
29            android:label="@string/app_name"
29-->src/main/AndroidManifest.xml:16:13-45
30            android:theme="@style/AppTheme.NoActionBar" >
30-->src/main/AndroidManifest.xml:17:13-56
31            <intent-filter>
31-->src/main/AndroidManifest.xml:18:13-22:29
32                <action android:name="android.intent.action.MAIN" />
32-->src/main/AndroidManifest.xml:19:17-69
32-->src/main/AndroidManifest.xml:19:25-66
33
34                <category android:name="android.intent.category.LAUNCHER" />
34-->src/main/AndroidManifest.xml:21:17-77
34-->src/main/AndroidManifest.xml:21:27-74
35            </intent-filter>
36        </activity>
37    </application>
38
39</manifest>